The system is: Linux - 5.15.0-122-generic - x86_64
Compiling the C compiler identification source file "CMakeCCompilerId.c" succeeded.
Compiler: /home/jch/Documents/Code/esp8266/xtensa-lx106-elf/bin/xtensa-lx106-elf-gcc 
Build flags: 
Id flags:  

The output was:
0


Compilation of the C compiler identification source "CMakeCCompilerId.c" produced "a.out"

The C compiler identification is GNU, found in "/home/jch/Documents/Code/esp8266/ESP8266_RTOS_SDK/build/CMakeFiles/3.16.3/CompilerIdC/a.out"

Compiling the CXX compiler identification source file "CMakeCXXCompilerId.cpp" succeeded.
Compiler: /home/jch/Documents/Code/esp8266/xtensa-lx106-elf/bin/xtensa-lx106-elf-g++ 
Build flags: 
Id flags:  

The output was:
0


Compilation of the CXX compiler identification source "CMakeCXXCompilerId.cpp" produced "a.out"

The CXX compiler identification is GNU, found in "/home/jch/Documents/Code/esp8266/ESP8266_RTOS_SDK/build/CMakeFiles/3.16.3/CompilerIdCXX/a.out"

Checking whether the ASM compiler is GNU using "--version" matched "(GNU assembler)|(GCC)|(Free Software Foundation)":
xtensa-lx106-elf-gcc (crosstool-NG esp-2020r3-49-gd5524c1) 8.4.0
Copyright (C) 2018 Free Software Foundation, Inc.
This is free software; see the source for copying conditions.  There is NO
warranty; not even for MERCHANTABILITY or FITNESS FOR A PARTICULAR PURPOSE.

Determining if the C compiler works passed with the following output:
Change Dir: /home/jch/Documents/Code/esp8266/ESP8266_RTOS_SDK/build/CMakeFiles/CMakeTmp

Run Build Command(s):/usr/bin/ninja cmTC_44364 && [1/2] Building C object CMakeFiles/cmTC_44364.dir/testCCompiler.c.o
[2/2] Linking C executable cmTC_44364



Detecting C compiler ABI info compiled with the following output:
Change Dir: /home/jch/Documents/Code/esp8266/ESP8266_RTOS_SDK/build/CMakeFiles/CMakeTmp

Run Build Command(s):/usr/bin/ninja cmTC_dfdb2 && [1/2] Building C object CMakeFiles/cmTC_dfdb2.dir/CMakeCCompilerABI.c.o
Using built-in specs.
COLLECT_GCC=/home/jch/Documents/Code/esp8266/xtensa-lx106-elf/bin/xtensa-lx106-elf-gcc
Target: xtensa-lx106-elf
Configured with: /builds/idf/crosstool-NG/.build/xtensa-lx106-elf/src/gcc/configure --build=x86_64-build_pc-linux-gnu --host=x86_64-build_pc-linux-gnu --target=xtensa-lx106-elf --prefix=/builds/idf/crosstool-NG/builds/xtensa-lx106-elf --with-local-prefix=/builds/idf/crosstool-NG/builds/xtensa-lx106-elf/xtensa-lx106-elf --with-headers=/builds/idf/crosstool-NG/builds/xtensa-lx106-elf/xtensa-lx106-elf/include --with-newlib --enable-threads=no --disable-shared --with-pkgversion='crosstool-NG esp-2020r3-49-gd5524c1' --disable-__cxa_atexit --enable-cxx-flags=-ffunction-sections --disable-libgomp --disable-libmudflap --disable-libmpx --disable-libssp --disable-libquadmath --disable-libquadmath-support --with-gmp=/builds/idf/crosstool-NG/.build/xtensa-lx106-elf/buildtools --with-mpfr=/builds/idf/crosstool-NG/.build/xtensa-lx106-elf/buildtools --with-mpc=/builds/idf/crosstool-NG/.build/xtensa-lx106-elf/buildtools --with-isl=/builds/idf/crosstool-NG/.build/xtensa-lx106-elf/buildtools --enable-lto --enable-target-optspace --without-long-double-128 --disable-nls --enable-multiarch --enable-languages=c,c++ --disable-libstdcxx-verbose --enable-threads=posix --enable-libstdcxx-time=yes
Thread model: posix
gcc version 8.4.0 (crosstool-NG esp-2020r3-49-gd5524c1) 
COLLECT_GCC_OPTIONS='-v' '-o' 'CMakeFiles/cmTC_dfdb2.dir/CMakeCCompilerABI.c.o' '-c'
 /home/jch/Documents/Code/esp8266/xtensa-lx106-elf/bin/../libexec/gcc/xtensa-lx106-elf/8.4.0/cc1 -quiet -v -iprefix /home/jch/Documents/Code/esp8266/xtensa-lx106-elf/bin/../lib/gcc/xtensa-lx106-elf/8.4.0/ /usr/share/cmake-3.16/Modules/CMakeCCompilerABI.c -quiet -dumpbase CMakeCCompilerABI.c -auxbase-strip CMakeFiles/cmTC_dfdb2.dir/CMakeCCompilerABI.c.o -version -o /tmp/cca1mkRG.s
GNU C17 (crosstool-NG esp-2020r3-49-gd5524c1) version 8.4.0 (xtensa-lx106-elf)
	compiled by GNU C version 4.9.2, GMP version 6.1.2, MPFR version 4.0.1, MPC version 1.1.0, isl version isl-0.19-GMP

GGC heuristics: --param ggc-min-expand=100 --param ggc-min-heapsize=131072
ignoring duplicate directory "/home/jch/Documents/Code/esp8266/xtensa-lx106-elf/bin/../lib/gcc/../../lib/gcc/xtensa-lx106-elf/8.4.0/include"
ignoring duplicate directory "/home/jch/Documents/Code/esp8266/xtensa-lx106-elf/bin/../lib/gcc/../../lib/gcc/xtensa-lx106-elf/8.4.0/include-fixed"
ignoring duplicate directory "/home/jch/Documents/Code/esp8266/xtensa-lx106-elf/bin/../lib/gcc/../../lib/gcc/xtensa-lx106-elf/8.4.0/../../../../xtensa-lx106-elf/sys-include"
ignoring duplicate directory "/home/jch/Documents/Code/esp8266/xtensa-lx106-elf/bin/../lib/gcc/../../lib/gcc/xtensa-lx106-elf/8.4.0/../../../../xtensa-lx106-elf/include"
#include "..." search starts here:
#include <...> search starts here:
 /home/jch/Documents/Code/esp8266/xtensa-lx106-elf/bin/../lib/gcc/xtensa-lx106-elf/8.4.0/include
 /home/jch/Documents/Code/esp8266/xtensa-lx106-elf/bin/../lib/gcc/xtensa-lx106-elf/8.4.0/include-fixed
 /home/jch/Documents/Code/esp8266/xtensa-lx106-elf/bin/../lib/gcc/xtensa-lx106-elf/8.4.0/../../../../xtensa-lx106-elf/sys-include
 /home/jch/Documents/Code/esp8266/xtensa-lx106-elf/bin/../lib/gcc/xtensa-lx106-elf/8.4.0/../../../../xtensa-lx106-elf/include
End of search list.
GNU C17 (crosstool-NG esp-2020r3-49-gd5524c1) version 8.4.0 (xtensa-lx106-elf)
	compiled by GNU C version 4.9.2, GMP version 6.1.2, MPFR version 4.0.1, MPC version 1.1.0, isl version isl-0.19-GMP

GGC heuristics: --param ggc-min-expand=100 --param ggc-min-heapsize=131072
Compiler executable checksum: 48e58fa3e6eb2de9fad439857fcdf42a
COLLECT_GCC_OPTIONS='-v' '-o' 'CMakeFiles/cmTC_dfdb2.dir/CMakeCCompilerABI.c.o' '-c'
 /home/jch/Documents/Code/esp8266/xtensa-lx106-elf/bin/../lib/gcc/xtensa-lx106-elf/8.4.0/../../../../xtensa-lx106-elf/bin/as --traditional-format -o CMakeFiles/cmTC_dfdb2.dir/CMakeCCompilerABI.c.o /tmp/cca1mkRG.s
COMPILER_PATH=/home/jch/Documents/Code/esp8266/xtensa-lx106-elf/bin/../libexec/gcc/xtensa-lx106-elf/8.4.0/:/home/jch/Documents/Code/esp8266/xtensa-lx106-elf/bin/../libexec/gcc/:/home/jch/Documents/Code/esp8266/xtensa-lx106-elf/bin/../lib/gcc/xtensa-lx106-elf/8.4.0/../../../../xtensa-lx106-elf/bin/
LIBRARY_PATH=/home/jch/Documents/Code/esp8266/xtensa-lx106-elf/bin/../lib/gcc/xtensa-lx106-elf/8.4.0/:/home/jch/Documents/Code/esp8266/xtensa-lx106-elf/bin/../lib/gcc/:/home/jch/Documents/Code/esp8266/xtensa-lx106-elf/bin/../lib/gcc/xtensa-lx106-elf/8.4.0/../../../../xtensa-lx106-elf/lib/
COLLECT_GCC_OPTIONS='-v' '-o' 'CMakeFiles/cmTC_dfdb2.dir/CMakeCCompilerABI.c.o' '-c'
[2/2] Linking C executable cmTC_dfdb2
Using built-in specs.
COLLECT_GCC=/home/jch/Documents/Code/esp8266/xtensa-lx106-elf/bin/xtensa-lx106-elf-gcc
COLLECT_LTO_WRAPPER=/home/jch/Documents/Code/esp8266/xtensa-lx106-elf/bin/../libexec/gcc/xtensa-lx106-elf/8.4.0/lto-wrapper
Target: xtensa-lx106-elf
Configured with: /builds/idf/crosstool-NG/.build/xtensa-lx106-elf/src/gcc/configure --build=x86_64-build_pc-linux-gnu --host=x86_64-build_pc-linux-gnu --target=xtensa-lx106-elf --prefix=/builds/idf/crosstool-NG/builds/xtensa-lx106-elf --with-local-prefix=/builds/idf/crosstool-NG/builds/xtensa-lx106-elf/xtensa-lx106-elf --with-headers=/builds/idf/crosstool-NG/builds/xtensa-lx106-elf/xtensa-lx106-elf/include --with-newlib --enable-threads=no --disable-shared --with-pkgversion='crosstool-NG esp-2020r3-49-gd5524c1' --disable-__cxa_atexit --enable-cxx-flags=-ffunction-sections --disable-libgomp --disable-libmudflap --disable-libmpx --disable-libssp --disable-libquadmath --disable-libquadmath-support --with-gmp=/builds/idf/crosstool-NG/.build/xtensa-lx106-elf/buildtools --with-mpfr=/builds/idf/crosstool-NG/.build/xtensa-lx106-elf/buildtools --with-mpc=/builds/idf/crosstool-NG/.build/xtensa-lx106-elf/buildtools --with-isl=/builds/idf/crosstool-NG/.build/xtensa-lx106-elf/buildtools --enable-lto --enable-target-optspace --without-long-double-128 --disable-nls --enable-multiarch --enable-languages=c,c++ --disable-libstdcxx-verbose --enable-threads=posix --enable-libstdcxx-time=yes
Thread model: posix
gcc version 8.4.0 (crosstool-NG esp-2020r3-49-gd5524c1) 
COMPILER_PATH=/home/jch/Documents/Code/esp8266/xtensa-lx106-elf/bin/../libexec/gcc/xtensa-lx106-elf/8.4.0/:/home/jch/Documents/Code/esp8266/xtensa-lx106-elf/bin/../libexec/gcc/:/home/jch/Documents/Code/esp8266/xtensa-lx106-elf/bin/../lib/gcc/xtensa-lx106-elf/8.4.0/../../../../xtensa-lx106-elf/bin/
LIBRARY_PATH=/home/jch/Documents/Code/esp8266/xtensa-lx106-elf/bin/../lib/gcc/xtensa-lx106-elf/8.4.0/:/home/jch/Documents/Code/esp8266/xtensa-lx106-elf/bin/../lib/gcc/:/home/jch/Documents/Code/esp8266/xtensa-lx106-elf/bin/../lib/gcc/xtensa-lx106-elf/8.4.0/../../../../xtensa-lx106-elf/lib/
COLLECT_GCC_OPTIONS='-v' '-o' 'cmTC_dfdb2'
 /home/jch/Documents/Code/esp8266/xtensa-lx106-elf/bin/../libexec/gcc/xtensa-lx106-elf/8.4.0/collect2 -plugin /home/jch/Documents/Code/esp8266/xtensa-lx106-elf/bin/../libexec/gcc/xtensa-lx106-elf/8.4.0/liblto_plugin.so -plugin-opt=/home/jch/Documents/Code/esp8266/xtensa-lx106-elf/bin/../libexec/gcc/xtensa-lx106-elf/8.4.0/lto-wrapper -plugin-opt=-fresolution=/tmp/ccoAS2vX.res -plugin-opt=-pass-through=-lgcc -plugin-opt=-pass-through=-lc -plugin-opt=-pass-through=-lnosys -plugin-opt=-pass-through=-lc -plugin-opt=-pass-through=-lgcc -o cmTC_dfdb2 /home/jch/Documents/Code/esp8266/xtensa-lx106-elf/bin/../lib/gcc/xtensa-lx106-elf/8.4.0/../../../../xtensa-lx106-elf/lib/crt0.o /home/jch/Documents/Code/esp8266/xtensa-lx106-elf/bin/../lib/gcc/xtensa-lx106-elf/8.4.0/crti.o /home/jch/Documents/Code/esp8266/xtensa-lx106-elf/bin/../lib/gcc/xtensa-lx106-elf/8.4.0/crtbegin.o -L/home/jch/Documents/Code/esp8266/xtensa-lx106-elf/bin/../lib/gcc/xtensa-lx106-elf/8.4.0 -L/home/jch/Documents/Code/esp8266/xtensa-lx106-elf/bin/../lib/gcc -L/home/jch/Documents/Code/esp8266/xtensa-lx106-elf/bin/../lib/gcc/xtensa-lx106-elf/8.4.0/../../../../xtensa-lx106-elf/lib CMakeFiles/cmTC_dfdb2.dir/CMakeCCompilerABI.c.o -lgcc -lc -lnosys -lc -lgcc /home/jch/Documents/Code/esp8266/xtensa-lx106-elf/bin/../lib/gcc/xtensa-lx106-elf/8.4.0/crtend.o /home/jch/Documents/Code/esp8266/xtensa-lx106-elf/bin/../lib/gcc/xtensa-lx106-elf/8.4.0/crtn.o
COLLECT_GCC_OPTIONS='-v' '-o' 'cmTC_dfdb2'



Parsed C implicit include dir info from above output: rv=done
  found start of include info
  found start of implicit include info
    add: [/home/jch/Documents/Code/esp8266/xtensa-lx106-elf/bin/../lib/gcc/xtensa-lx106-elf/8.4.0/include]
    add: [/home/jch/Documents/Code/esp8266/xtensa-lx106-elf/bin/../lib/gcc/xtensa-lx106-elf/8.4.0/include-fixed]
    add: [/home/jch/Documents/Code/esp8266/xtensa-lx106-elf/bin/../lib/gcc/xtensa-lx106-elf/8.4.0/../../../../xtensa-lx106-elf/sys-include]
    add: [/home/jch/Documents/Code/esp8266/xtensa-lx106-elf/bin/../lib/gcc/xtensa-lx106-elf/8.4.0/../../../../xtensa-lx106-elf/include]
  end of search list found
  collapse include dir [/home/jch/Documents/Code/esp8266/xtensa-lx106-elf/bin/../lib/gcc/xtensa-lx106-elf/8.4.0/include] ==> [/home/jch/Documents/Code/esp8266/xtensa-lx106-elf/lib/gcc/xtensa-lx106-elf/8.4.0/include]
  collapse include dir [/home/jch/Documents/Code/esp8266/xtensa-lx106-elf/bin/../lib/gcc/xtensa-lx106-elf/8.4.0/include-fixed] ==> [/home/jch/Documents/Code/esp8266/xtensa-lx106-elf/lib/gcc/xtensa-lx106-elf/8.4.0/include-fixed]
  collapse include dir [/home/jch/Documents/Code/esp8266/xtensa-lx106-elf/bin/../lib/gcc/xtensa-lx106-elf/8.4.0/../../../../xtensa-lx106-elf/sys-include] ==> [/home/jch/Documents/Code/esp8266/xtensa-lx106-elf/xtensa-lx106-elf/sys-include]
  collapse include dir [/home/jch/Documents/Code/esp8266/xtensa-lx106-elf/bin/../lib/gcc/xtensa-lx106-elf/8.4.0/../../../../xtensa-lx106-elf/include] ==> [/home/jch/Documents/Code/esp8266/xtensa-lx106-elf/xtensa-lx106-elf/include]
  implicit include dirs: [/home/jch/Documents/Code/esp8266/xtensa-lx106-elf/lib/gcc/xtensa-lx106-elf/8.4.0/include;/home/jch/Documents/Code/esp8266/xtensa-lx106-elf/lib/gcc/xtensa-lx106-elf/8.4.0/include-fixed;/home/jch/Documents/Code/esp8266/xtensa-lx106-elf/xtensa-lx106-elf/sys-include;/home/jch/Documents/Code/esp8266/xtensa-lx106-elf/xtensa-lx106-elf/include]


Parsed C implicit link information from above output:
  link line regex: [^( *|.*[/\])(ld|CMAKE_LINK_STARTFILE-NOTFOUND|([^/\]+-)?ld|collect2)[^/\]*( |$)]
  ignore line: [Change Dir: /home/jch/Documents/Code/esp8266/ESP8266_RTOS_SDK/build/CMakeFiles/CMakeTmp]
  ignore line: []
  ignore line: [Run Build Command(s):/usr/bin/ninja cmTC_dfdb2 && [1/2] Building C object CMakeFiles/cmTC_dfdb2.dir/CMakeCCompilerABI.c.o]
  ignore line: [Using built-in specs.]
  ignore line: [COLLECT_GCC=/home/jch/Documents/Code/esp8266/xtensa-lx106-elf/bin/xtensa-lx106-elf-gcc]
  ignore line: [Target: xtensa-lx106-elf]
  ignore line: [Configured with: /builds/idf/crosstool-NG/.build/xtensa-lx106-elf/src/gcc/configure --build=x86_64-build_pc-linux-gnu --host=x86_64-build_pc-linux-gnu --target=xtensa-lx106-elf --prefix=/builds/idf/crosstool-NG/builds/xtensa-lx106-elf --with-local-prefix=/builds/idf/crosstool-NG/builds/xtensa-lx106-elf/xtensa-lx106-elf --with-headers=/builds/idf/crosstool-NG/builds/xtensa-lx106-elf/xtensa-lx106-elf/include --with-newlib --enable-threads=no --disable-shared --with-pkgversion='crosstool-NG esp-2020r3-49-gd5524c1' --disable-__cxa_atexit --enable-cxx-flags=-ffunction-sections --disable-libgomp --disable-libmudflap --disable-libmpx --disable-libssp --disable-libquadmath --disable-libquadmath-support --with-gmp=/builds/idf/crosstool-NG/.build/xtensa-lx106-elf/buildtools --with-mpfr=/builds/idf/crosstool-NG/.build/xtensa-lx106-elf/buildtools --with-mpc=/builds/idf/crosstool-NG/.build/xtensa-lx106-elf/buildtools --with-isl=/builds/idf/crosstool-NG/.build/xtensa-lx106-elf/buildtools --enable-lto --enable-target-optspace --without-long-double-128 --disable-nls --enable-multiarch --enable-languages=c c++ --disable-libstdcxx-verbose --enable-threads=posix --enable-libstdcxx-time=yes]
  ignore line: [Thread model: posix]
  ignore line: [gcc version 8.4.0 (crosstool-NG esp-2020r3-49-gd5524c1) ]
  ignore line: [COLLECT_GCC_OPTIONS='-v' '-o' 'CMakeFiles/cmTC_dfdb2.dir/CMakeCCompilerABI.c.o' '-c']
  ignore line: [ /home/jch/Documents/Code/esp8266/xtensa-lx106-elf/bin/../libexec/gcc/xtensa-lx106-elf/8.4.0/cc1 -quiet -v -iprefix /home/jch/Documents/Code/esp8266/xtensa-lx106-elf/bin/../lib/gcc/xtensa-lx106-elf/8.4.0/ /usr/share/cmake-3.16/Modules/CMakeCCompilerABI.c -quiet -dumpbase CMakeCCompilerABI.c -auxbase-strip CMakeFiles/cmTC_dfdb2.dir/CMakeCCompilerABI.c.o -version -o /tmp/cca1mkRG.s]
  ignore line: [GNU C17 (crosstool-NG esp-2020r3-49-gd5524c1) version 8.4.0 (xtensa-lx106-elf)]
  ignore line: [	compiled by GNU C version 4.9.2  GMP version 6.1.2  MPFR version 4.0.1  MPC version 1.1.0  isl version isl-0.19-GMP]
  ignore line: []
  ignore line: [GGC heuristics: --param ggc-min-expand=100 --param ggc-min-heapsize=131072]
  ignore line: [ignoring duplicate directory "/home/jch/Documents/Code/esp8266/xtensa-lx106-elf/bin/../lib/gcc/../../lib/gcc/xtensa-lx106-elf/8.4.0/include"]
  ignore line: [ignoring duplicate directory "/home/jch/Documents/Code/esp8266/xtensa-lx106-elf/bin/../lib/gcc/../../lib/gcc/xtensa-lx106-elf/8.4.0/include-fixed"]
  ignore line: [ignoring duplicate directory "/home/jch/Documents/Code/esp8266/xtensa-lx106-elf/bin/../lib/gcc/../../lib/gcc/xtensa-lx106-elf/8.4.0/../../../../xtensa-lx106-elf/sys-include"]
  ignore line: [ignoring duplicate directory "/home/jch/Documents/Code/esp8266/xtensa-lx106-elf/bin/../lib/gcc/../../lib/gcc/xtensa-lx106-elf/8.4.0/../../../../xtensa-lx106-elf/include"]
  ignore line: [#include "..." search starts here:]
  ignore line: [#include <...> search starts here:]
  ignore line: [ /home/jch/Documents/Code/esp8266/xtensa-lx106-elf/bin/../lib/gcc/xtensa-lx106-elf/8.4.0/include]
  ignore line: [ /home/jch/Documents/Code/esp8266/xtensa-lx106-elf/bin/../lib/gcc/xtensa-lx106-elf/8.4.0/include-fixed]
  ignore line: [ /home/jch/Documents/Code/esp8266/xtensa-lx106-elf/bin/../lib/gcc/xtensa-lx106-elf/8.4.0/../../../../xtensa-lx106-elf/sys-include]
  ignore line: [ /home/jch/Documents/Code/esp8266/xtensa-lx106-elf/bin/../lib/gcc/xtensa-lx106-elf/8.4.0/../../../../xtensa-lx106-elf/include]
  ignore line: [End of search list.]
  ignore line: [GNU C17 (crosstool-NG esp-2020r3-49-gd5524c1) version 8.4.0 (xtensa-lx106-elf)]
  ignore line: [	compiled by GNU C version 4.9.2  GMP version 6.1.2  MPFR version 4.0.1  MPC version 1.1.0  isl version isl-0.19-GMP]
  ignore line: []
  ignore line: [GGC heuristics: --param ggc-min-expand=100 --param ggc-min-heapsize=131072]
  ignore line: [Compiler executable checksum: 48e58fa3e6eb2de9fad439857fcdf42a]
  ignore line: [COLLECT_GCC_OPTIONS='-v' '-o' 'CMakeFiles/cmTC_dfdb2.dir/CMakeCCompilerABI.c.o' '-c']
  ignore line: [ /home/jch/Documents/Code/esp8266/xtensa-lx106-elf/bin/../lib/gcc/xtensa-lx106-elf/8.4.0/../../../../xtensa-lx106-elf/bin/as --traditional-format -o CMakeFiles/cmTC_dfdb2.dir/CMakeCCompilerABI.c.o /tmp/cca1mkRG.s]
  ignore line: [COMPILER_PATH=/home/jch/Documents/Code/esp8266/xtensa-lx106-elf/bin/../libexec/gcc/xtensa-lx106-elf/8.4.0/:/home/jch/Documents/Code/esp8266/xtensa-lx106-elf/bin/../libexec/gcc/:/home/jch/Documents/Code/esp8266/xtensa-lx106-elf/bin/../lib/gcc/xtensa-lx106-elf/8.4.0/../../../../xtensa-lx106-elf/bin/]
  ignore line: [LIBRARY_PATH=/home/jch/Documents/Code/esp8266/xtensa-lx106-elf/bin/../lib/gcc/xtensa-lx106-elf/8.4.0/:/home/jch/Documents/Code/esp8266/xtensa-lx106-elf/bin/../lib/gcc/:/home/jch/Documents/Code/esp8266/xtensa-lx106-elf/bin/../lib/gcc/xtensa-lx106-elf/8.4.0/../../../../xtensa-lx106-elf/lib/]
  ignore line: [COLLECT_GCC_OPTIONS='-v' '-o' 'CMakeFiles/cmTC_dfdb2.dir/CMakeCCompilerABI.c.o' '-c']
  ignore line: [[2/2] Linking C executable cmTC_dfdb2]
  ignore line: [Using built-in specs.]
  ignore line: [COLLECT_GCC=/home/jch/Documents/Code/esp8266/xtensa-lx106-elf/bin/xtensa-lx106-elf-gcc]
  ignore line: [COLLECT_LTO_WRAPPER=/home/jch/Documents/Code/esp8266/xtensa-lx106-elf/bin/../libexec/gcc/xtensa-lx106-elf/8.4.0/lto-wrapper]
  ignore line: [Target: xtensa-lx106-elf]
  ignore line: [Configured with: /builds/idf/crosstool-NG/.build/xtensa-lx106-elf/src/gcc/configure --build=x86_64-build_pc-linux-gnu --host=x86_64-build_pc-linux-gnu --target=xtensa-lx106-elf --prefix=/builds/idf/crosstool-NG/builds/xtensa-lx106-elf --with-local-prefix=/builds/idf/crosstool-NG/builds/xtensa-lx106-elf/xtensa-lx106-elf --with-headers=/builds/idf/crosstool-NG/builds/xtensa-lx106-elf/xtensa-lx106-elf/include --with-newlib --enable-threads=no --disable-shared --with-pkgversion='crosstool-NG esp-2020r3-49-gd5524c1' --disable-__cxa_atexit --enable-cxx-flags=-ffunction-sections --disable-libgomp --disable-libmudflap --disable-libmpx --disable-libssp --disable-libquadmath --disable-libquadmath-support --with-gmp=/builds/idf/crosstool-NG/.build/xtensa-lx106-elf/buildtools --with-mpfr=/builds/idf/crosstool-NG/.build/xtensa-lx106-elf/buildtools --with-mpc=/builds/idf/crosstool-NG/.build/xtensa-lx106-elf/buildtools --with-isl=/builds/idf/crosstool-NG/.build/xtensa-lx106-elf/buildtools --enable-lto --enable-target-optspace --without-long-double-128 --disable-nls --enable-multiarch --enable-languages=c c++ --disable-libstdcxx-verbose --enable-threads=posix --enable-libstdcxx-time=yes]
  ignore line: [Thread model: posix]
  ignore line: [gcc version 8.4.0 (crosstool-NG esp-2020r3-49-gd5524c1) ]
  ignore line: [COMPILER_PATH=/home/jch/Documents/Code/esp8266/xtensa-lx106-elf/bin/../libexec/gcc/xtensa-lx106-elf/8.4.0/:/home/jch/Documents/Code/esp8266/xtensa-lx106-elf/bin/../libexec/gcc/:/home/jch/Documents/Code/esp8266/xtensa-lx106-elf/bin/../lib/gcc/xtensa-lx106-elf/8.4.0/../../../../xtensa-lx106-elf/bin/]
  ignore line: [LIBRARY_PATH=/home/jch/Documents/Code/esp8266/xtensa-lx106-elf/bin/../lib/gcc/xtensa-lx106-elf/8.4.0/:/home/jch/Documents/Code/esp8266/xtensa-lx106-elf/bin/../lib/gcc/:/home/jch/Documents/Code/esp8266/xtensa-lx106-elf/bin/../lib/gcc/xtensa-lx106-elf/8.4.0/../../../../xtensa-lx106-elf/lib/]
  ignore line: [COLLECT_GCC_OPTIONS='-v' '-o' 'cmTC_dfdb2']
  link line: [ /home/jch/Documents/Code/esp8266/xtensa-lx106-elf/bin/../libexec/gcc/xtensa-lx106-elf/8.4.0/collect2 -plugin /home/jch/Documents/Code/esp8266/xtensa-lx106-elf/bin/../libexec/gcc/xtensa-lx106-elf/8.4.0/liblto_plugin.so -plugin-opt=/home/jch/Documents/Code/esp8266/xtensa-lx106-elf/bin/../libexec/gcc/xtensa-lx106-elf/8.4.0/lto-wrapper -plugin-opt=-fresolution=/tmp/ccoAS2vX.res -plugin-opt=-pass-through=-lgcc -plugin-opt=-pass-through=-lc -plugin-opt=-pass-through=-lnosys -plugin-opt=-pass-through=-lc -plugin-opt=-pass-through=-lgcc -o cmTC_dfdb2 /home/jch/Documents/Code/esp8266/xtensa-lx106-elf/bin/../lib/gcc/xtensa-lx106-elf/8.4.0/../../../../xtensa-lx106-elf/lib/crt0.o /home/jch/Documents/Code/esp8266/xtensa-lx106-elf/bin/../lib/gcc/xtensa-lx106-elf/8.4.0/crti.o /home/jch/Documents/Code/esp8266/xtensa-lx106-elf/bin/../lib/gcc/xtensa-lx106-elf/8.4.0/crtbegin.o -L/home/jch/Documents/Code/esp8266/xtensa-lx106-elf/bin/../lib/gcc/xtensa-lx106-elf/8.4.0 -L/home/jch/Documents/Code/esp8266/xtensa-lx106-elf/bin/../lib/gcc -L/home/jch/Documents/Code/esp8266/xtensa-lx106-elf/bin/../lib/gcc/xtensa-lx106-elf/8.4.0/../../../../xtensa-lx106-elf/lib CMakeFiles/cmTC_dfdb2.dir/CMakeCCompilerABI.c.o -lgcc -lc -lnosys -lc -lgcc /home/jch/Documents/Code/esp8266/xtensa-lx106-elf/bin/../lib/gcc/xtensa-lx106-elf/8.4.0/crtend.o /home/jch/Documents/Code/esp8266/xtensa-lx106-elf/bin/../lib/gcc/xtensa-lx106-elf/8.4.0/crtn.o]
    arg [/home/jch/Documents/Code/esp8266/xtensa-lx106-elf/bin/../libexec/gcc/xtensa-lx106-elf/8.4.0/collect2] ==> ignore
    arg [-plugin] ==> ignore
    arg [/home/jch/Documents/Code/esp8266/xtensa-lx106-elf/bin/../libexec/gcc/xtensa-lx106-elf/8.4.0/liblto_plugin.so] ==> ignore
    arg [-plugin-opt=/home/jch/Documents/Code/esp8266/xtensa-lx106-elf/bin/../libexec/gcc/xtensa-lx106-elf/8.4.0/lto-wrapper] ==> ignore
    arg [-plugin-opt=-fresolution=/tmp/ccoAS2vX.res] ==> ignore
    arg [-plugin-opt=-pass-through=-lgcc] ==> ignore
    arg [-plugin-opt=-pass-through=-lc] ==> ignore
    arg [-plugin-opt=-pass-through=-lnosys] ==> ignore
    arg [-plugin-opt=-pass-through=-lc] ==> ignore
    arg [-plugin-opt=-pass-through=-lgcc] ==> ignore
    arg [-o] ==> ignore
    arg [cmTC_dfdb2] ==> ignore
    arg [/home/jch/Documents/Code/esp8266/xtensa-lx106-elf/bin/../lib/gcc/xtensa-lx106-elf/8.4.0/../../../../xtensa-lx106-elf/lib/crt0.o] ==> ignore
    arg [/home/jch/Documents/Code/esp8266/xtensa-lx106-elf/bin/../lib/gcc/xtensa-lx106-elf/8.4.0/crti.o] ==> ignore
    arg [/home/jch/Documents/Code/esp8266/xtensa-lx106-elf/bin/../lib/gcc/xtensa-lx106-elf/8.4.0/crtbegin.o] ==> ignore
    arg [-L/home/jch/Documents/Code/esp8266/xtensa-lx106-elf/bin/../lib/gcc/xtensa-lx106-elf/8.4.0] ==> dir [/home/jch/Documents/Code/esp8266/xtensa-lx106-elf/bin/../lib/gcc/xtensa-lx106-elf/8.4.0]
    arg [-L/home/jch/Documents/Code/esp8266/xtensa-lx106-elf/bin/../lib/gcc] ==> dir [/home/jch/Documents/Code/esp8266/xtensa-lx106-elf/bin/../lib/gcc]
    arg [-L/home/jch/Documents/Code/esp8266/xtensa-lx106-elf/bin/../lib/gcc/xtensa-lx106-elf/8.4.0/../../../../xtensa-lx106-elf/lib] ==> dir [/home/jch/Documents/Code/esp8266/xtensa-lx106-elf/bin/../lib/gcc/xtensa-lx106-elf/8.4.0/../../../../xtensa-lx106-elf/lib]
    arg [CMakeFiles/cmTC_dfdb2.dir/CMakeCCompilerABI.c.o] ==> ignore
    arg [-lgcc] ==> lib [gcc]
    arg [-lc] ==> lib [c]
    arg [-lnosys] ==> lib [nosys]
    arg [-lc] ==> lib [c]
    arg [-lgcc] ==> lib [gcc]
    arg [/home/jch/Documents/Code/esp8266/xtensa-lx106-elf/bin/../lib/gcc/xtensa-lx106-elf/8.4.0/crtend.o] ==> ignore
    arg [/home/jch/Documents/Code/esp8266/xtensa-lx106-elf/bin/../lib/gcc/xtensa-lx106-elf/8.4.0/crtn.o] ==> ignore
  collapse library dir [/home/jch/Documents/Code/esp8266/xtensa-lx106-elf/bin/../lib/gcc/xtensa-lx106-elf/8.4.0] ==> [/home/jch/Documents/Code/esp8266/xtensa-lx106-elf/lib/gcc/xtensa-lx106-elf/8.4.0]
  collapse library dir [/home/jch/Documents/Code/esp8266/xtensa-lx106-elf/bin/../lib/gcc] ==> [/home/jch/Documents/Code/esp8266/xtensa-lx106-elf/lib/gcc]
  collapse library dir [/home/jch/Documents/Code/esp8266/xtensa-lx106-elf/bin/../lib/gcc/xtensa-lx106-elf/8.4.0/../../../../xtensa-lx106-elf/lib] ==> [/home/jch/Documents/Code/esp8266/xtensa-lx106-elf/xtensa-lx106-elf/lib]
  implicit libs: [gcc;c;nosys;c;gcc]
  implicit dirs: [/home/jch/Documents/Code/esp8266/xtensa-lx106-elf/lib/gcc/xtensa-lx106-elf/8.4.0;/home/jch/Documents/Code/esp8266/xtensa-lx106-elf/lib/gcc;/home/jch/Documents/Code/esp8266/xtensa-lx106-elf/xtensa-lx106-elf/lib]
  implicit fwks: []


Determining if the CXX compiler works passed with the following output:
Change Dir: /home/jch/Documents/Code/esp8266/ESP8266_RTOS_SDK/build/CMakeFiles/CMakeTmp

Run Build Command(s):/usr/bin/ninja cmTC_fef7a && [1/2] Building CXX object CMakeFiles/cmTC_fef7a.dir/testCXXCompiler.cxx.o
[2/2] Linking CXX executable cmTC_fef7a



Detecting CXX compiler ABI info compiled with the following output:
Change Dir: /home/jch/Documents/Code/esp8266/ESP8266_RTOS_SDK/build/CMakeFiles/CMakeTmp

Run Build Command(s):/usr/bin/ninja cmTC_491b1 && [1/2] Building CXX object CMakeFiles/cmTC_491b1.dir/CMakeCXXCompilerABI.cpp.o
Using built-in specs.
COLLECT_GCC=/home/jch/Documents/Code/esp8266/xtensa-lx106-elf/bin/xtensa-lx106-elf-g++
Target: xtensa-lx106-elf
Configured with: /builds/idf/crosstool-NG/.build/xtensa-lx106-elf/src/gcc/configure --build=x86_64-build_pc-linux-gnu --host=x86_64-build_pc-linux-gnu --target=xtensa-lx106-elf --prefix=/builds/idf/crosstool-NG/builds/xtensa-lx106-elf --with-local-prefix=/builds/idf/crosstool-NG/builds/xtensa-lx106-elf/xtensa-lx106-elf --with-headers=/builds/idf/crosstool-NG/builds/xtensa-lx106-elf/xtensa-lx106-elf/include --with-newlib --enable-threads=no --disable-shared --with-pkgversion='crosstool-NG esp-2020r3-49-gd5524c1' --disable-__cxa_atexit --enable-cxx-flags=-ffunction-sections --disable-libgomp --disable-libmudflap --disable-libmpx --disable-libssp --disable-libquadmath --disable-libquadmath-support --with-gmp=/builds/idf/crosstool-NG/.build/xtensa-lx106-elf/buildtools --with-mpfr=/builds/idf/crosstool-NG/.build/xtensa-lx106-elf/buildtools --with-mpc=/builds/idf/crosstool-NG/.build/xtensa-lx106-elf/buildtools --with-isl=/builds/idf/crosstool-NG/.build/xtensa-lx106-elf/buildtools --enable-lto --enable-target-optspace --without-long-double-128 --disable-nls --enable-multiarch --enable-languages=c,c++ --disable-libstdcxx-verbose --enable-threads=posix --enable-libstdcxx-time=yes
Thread model: posix
gcc version 8.4.0 (crosstool-NG esp-2020r3-49-gd5524c1) 
COLLECT_GCC_OPTIONS='-v' '-o' 'CMakeFiles/cmTC_491b1.dir/CMakeCXXCompilerABI.cpp.o' '-c'
 /home/jch/Documents/Code/esp8266/xtensa-lx106-elf/bin/../libexec/gcc/xtensa-lx106-elf/8.4.0/cc1plus -quiet -v -iprefix /home/jch/Documents/Code/esp8266/xtensa-lx106-elf/bin/../lib/gcc/xtensa-lx106-elf/8.4.0/ /usr/share/cmake-3.16/Modules/CMakeCXXCompilerABI.cpp -quiet -dumpbase CMakeCXXCompilerABI.cpp -auxbase-strip CMakeFiles/cmTC_491b1.dir/CMakeCXXCompilerABI.cpp.o -version -o /tmp/ccEf3bha.s
GNU C++14 (crosstool-NG esp-2020r3-49-gd5524c1) version 8.4.0 (xtensa-lx106-elf)
	compiled by GNU C version 4.9.2, GMP version 6.1.2, MPFR version 4.0.1, MPC version 1.1.0, isl version isl-0.19-GMP

GGC heuristics: --param ggc-min-expand=100 --param ggc-min-heapsize=131072
ignoring duplicate directory "/home/jch/Documents/Code/esp8266/xtensa-lx106-elf/bin/../lib/gcc/../../lib/gcc/xtensa-lx106-elf/8.4.0/../../../../xtensa-lx106-elf/include/c++/8.4.0"
ignoring duplicate directory "/home/jch/Documents/Code/esp8266/xtensa-lx106-elf/bin/../lib/gcc/../../lib/gcc/xtensa-lx106-elf/8.4.0/../../../../xtensa-lx106-elf/include/c++/8.4.0/xtensa-lx106-elf"
ignoring duplicate directory "/home/jch/Documents/Code/esp8266/xtensa-lx106-elf/bin/../lib/gcc/../../lib/gcc/xtensa-lx106-elf/8.4.0/../../../../xtensa-lx106-elf/include/c++/8.4.0/backward"
ignoring duplicate directory "/home/jch/Documents/Code/esp8266/xtensa-lx106-elf/bin/../lib/gcc/../../lib/gcc/xtensa-lx106-elf/8.4.0/include"
ignoring duplicate directory "/home/jch/Documents/Code/esp8266/xtensa-lx106-elf/bin/../lib/gcc/../../lib/gcc/xtensa-lx106-elf/8.4.0/include-fixed"
ignoring duplicate directory "/home/jch/Documents/Code/esp8266/xtensa-lx106-elf/bin/../lib/gcc/../../lib/gcc/xtensa-lx106-elf/8.4.0/../../../../xtensa-lx106-elf/sys-include"
ignoring duplicate directory "/home/jch/Documents/Code/esp8266/xtensa-lx106-elf/bin/../lib/gcc/../../lib/gcc/xtensa-lx106-elf/8.4.0/../../../../xtensa-lx106-elf/include"
#include "..." search starts here:
#include <...> search starts here:
 /home/jch/Documents/Code/esp8266/xtensa-lx106-elf/bin/../lib/gcc/xtensa-lx106-elf/8.4.0/../../../../xtensa-lx106-elf/include/c++/8.4.0
 /home/jch/Documents/Code/esp8266/xtensa-lx106-elf/bin/../lib/gcc/xtensa-lx106-elf/8.4.0/../../../../xtensa-lx106-elf/include/c++/8.4.0/xtensa-lx106-elf
 /home/jch/Documents/Code/esp8266/xtensa-lx106-elf/bin/../lib/gcc/xtensa-lx106-elf/8.4.0/../../../../xtensa-lx106-elf/include/c++/8.4.0/backward
 /home/jch/Documents/Code/esp8266/xtensa-lx106-elf/bin/../lib/gcc/xtensa-lx106-elf/8.4.0/include
 /home/jch/Documents/Code/esp8266/xtensa-lx106-elf/bin/../lib/gcc/xtensa-lx106-elf/8.4.0/include-fixed
 /home/jch/Documents/Code/esp8266/xtensa-lx106-elf/bin/../lib/gcc/xtensa-lx106-elf/8.4.0/../../../../xtensa-lx106-elf/sys-include
 /home/jch/Documents/Code/esp8266/xtensa-lx106-elf/bin/../lib/gcc/xtensa-lx106-elf/8.4.0/../../../../xtensa-lx106-elf/include
End of search list.
GNU C++14 (crosstool-NG esp-2020r3-49-gd5524c1) version 8.4.0 (xtensa-lx106-elf)
	compiled by GNU C version 4.9.2, GMP version 6.1.2, MPFR version 4.0.1, MPC version 1.1.0, isl version isl-0.19-GMP

GGC heuristics: --param ggc-min-expand=100 --param ggc-min-heapsize=131072
Compiler executable checksum: 6a42b2f4729ac0ea49ccdcd6bf20e2e4
COLLECT_GCC_OPTIONS='-v' '-o' 'CMakeFiles/cmTC_491b1.dir/CMakeCXXCompilerABI.cpp.o' '-c'
 /home/jch/Documents/Code/esp8266/xtensa-lx106-elf/bin/../lib/gcc/xtensa-lx106-elf/8.4.0/../../../../xtensa-lx106-elf/bin/as --traditional-format -o CMakeFiles/cmTC_491b1.dir/CMakeCXXCompilerABI.cpp.o /tmp/ccEf3bha.s
COMPILER_PATH=/home/jch/Documents/Code/esp8266/xtensa-lx106-elf/bin/../libexec/gcc/xtensa-lx106-elf/8.4.0/:/home/jch/Documents/Code/esp8266/xtensa-lx106-elf/bin/../libexec/gcc/:/home/jch/Documents/Code/esp8266/xtensa-lx106-elf/bin/../lib/gcc/xtensa-lx106-elf/8.4.0/../../../../xtensa-lx106-elf/bin/
LIBRARY_PATH=/home/jch/Documents/Code/esp8266/xtensa-lx106-elf/bin/../lib/gcc/xtensa-lx106-elf/8.4.0/:/home/jch/Documents/Code/esp8266/xtensa-lx106-elf/bin/../lib/gcc/:/home/jch/Documents/Code/esp8266/xtensa-lx106-elf/bin/../lib/gcc/xtensa-lx106-elf/8.4.0/../../../../xtensa-lx106-elf/lib/
COLLECT_GCC_OPTIONS='-v' '-o' 'CMakeFiles/cmTC_491b1.dir/CMakeCXXCompilerABI.cpp.o' '-c'
[2/2] Linking CXX executable cmTC_491b1
Using built-in specs.
COLLECT_GCC=/home/jch/Documents/Code/esp8266/xtensa-lx106-elf/bin/xtensa-lx106-elf-g++
COLLECT_LTO_WRAPPER=/home/jch/Documents/Code/esp8266/xtensa-lx106-elf/bin/../libexec/gcc/xtensa-lx106-elf/8.4.0/lto-wrapper
Target: xtensa-lx106-elf
Configured with: /builds/idf/crosstool-NG/.build/xtensa-lx106-elf/src/gcc/configure --build=x86_64-build_pc-linux-gnu --host=x86_64-build_pc-linux-gnu --target=xtensa-lx106-elf --prefix=/builds/idf/crosstool-NG/builds/xtensa-lx106-elf --with-local-prefix=/builds/idf/crosstool-NG/builds/xtensa-lx106-elf/xtensa-lx106-elf --with-headers=/builds/idf/crosstool-NG/builds/xtensa-lx106-elf/xtensa-lx106-elf/include --with-newlib --enable-threads=no --disable-shared --with-pkgversion='crosstool-NG esp-2020r3-49-gd5524c1' --disable-__cxa_atexit --enable-cxx-flags=-ffunction-sections --disable-libgomp --disable-libmudflap --disable-libmpx --disable-libssp --disable-libquadmath --disable-libquadmath-support --with-gmp=/builds/idf/crosstool-NG/.build/xtensa-lx106-elf/buildtools --with-mpfr=/builds/idf/crosstool-NG/.build/xtensa-lx106-elf/buildtools --with-mpc=/builds/idf/crosstool-NG/.build/xtensa-lx106-elf/buildtools --with-isl=/builds/idf/crosstool-NG/.build/xtensa-lx106-elf/buildtools --enable-lto --enable-target-optspace --without-long-double-128 --disable-nls --enable-multiarch --enable-languages=c,c++ --disable-libstdcxx-verbose --enable-threads=posix --enable-libstdcxx-time=yes
Thread model: posix
gcc version 8.4.0 (crosstool-NG esp-2020r3-49-gd5524c1) 
COMPILER_PATH=/home/jch/Documents/Code/esp8266/xtensa-lx106-elf/bin/../libexec/gcc/xtensa-lx106-elf/8.4.0/:/home/jch/Documents/Code/esp8266/xtensa-lx106-elf/bin/../libexec/gcc/:/home/jch/Documents/Code/esp8266/xtensa-lx106-elf/bin/../lib/gcc/xtensa-lx106-elf/8.4.0/../../../../xtensa-lx106-elf/bin/
LIBRARY_PATH=/home/jch/Documents/Code/esp8266/xtensa-lx106-elf/bin/../lib/gcc/xtensa-lx106-elf/8.4.0/:/home/jch/Documents/Code/esp8266/xtensa-lx106-elf/bin/../lib/gcc/:/home/jch/Documents/Code/esp8266/xtensa-lx106-elf/bin/../lib/gcc/xtensa-lx106-elf/8.4.0/../../../../xtensa-lx106-elf/lib/
COLLECT_GCC_OPTIONS='-v' '-o' 'cmTC_491b1'
 /home/jch/Documents/Code/esp8266/xtensa-lx106-elf/bin/../libexec/gcc/xtensa-lx106-elf/8.4.0/collect2 -plugin /home/jch/Documents/Code/esp8266/xtensa-lx106-elf/bin/../libexec/gcc/xtensa-lx106-elf/8.4.0/liblto_plugin.so -plugin-opt=/home/jch/Documents/Code/esp8266/xtensa-lx106-elf/bin/../libexec/gcc/xtensa-lx106-elf/8.4.0/lto-wrapper -plugin-opt=-fresolution=/tmp/ccENZ5tv.res -plugin-opt=-pass-through=-lgcc -plugin-opt=-pass-through=-lc -plugin-opt=-pass-through=-lnosys -plugin-opt=-pass-through=-lc -plugin-opt=-pass-through=-lgcc -o cmTC_491b1 /home/jch/Documents/Code/esp8266/xtensa-lx106-elf/bin/../lib/gcc/xtensa-lx106-elf/8.4.0/../../../../xtensa-lx106-elf/lib/crt0.o /home/jch/Documents/Code/esp8266/xtensa-lx106-elf/bin/../lib/gcc/xtensa-lx106-elf/8.4.0/crti.o /home/jch/Documents/Code/esp8266/xtensa-lx106-elf/bin/../lib/gcc/xtensa-lx106-elf/8.4.0/crtbegin.o -L/home/jch/Documents/Code/esp8266/xtensa-lx106-elf/bin/../lib/gcc/xtensa-lx106-elf/8.4.0 -L/home/jch/Documents/Code/esp8266/xtensa-lx106-elf/bin/../lib/gcc -L/home/jch/Documents/Code/esp8266/xtensa-lx106-elf/bin/../lib/gcc/xtensa-lx106-elf/8.4.0/../../../../xtensa-lx106-elf/lib CMakeFiles/cmTC_491b1.dir/CMakeCXXCompilerABI.cpp.o -lstdc++ -lm -lgcc -lc -lnosys -lc -lgcc /home/jch/Documents/Code/esp8266/xtensa-lx106-elf/bin/../lib/gcc/xtensa-lx106-elf/8.4.0/crtend.o /home/jch/Documents/Code/esp8266/xtensa-lx106-elf/bin/../lib/gcc/xtensa-lx106-elf/8.4.0/crtn.o
COLLECT_GCC_OPTIONS='-v' '-o' 'cmTC_491b1'



Parsed CXX implicit include dir info from above output: rv=done
  found start of include info
  found start of implicit include info
    add: [/home/jch/Documents/Code/esp8266/xtensa-lx106-elf/bin/../lib/gcc/xtensa-lx106-elf/8.4.0/../../../../xtensa-lx106-elf/include/c++/8.4.0]
    add: [/home/jch/Documents/Code/esp8266/xtensa-lx106-elf/bin/../lib/gcc/xtensa-lx106-elf/8.4.0/../../../../xtensa-lx106-elf/include/c++/8.4.0/xtensa-lx106-elf]
    add: [/home/jch/Documents/Code/esp8266/xtensa-lx106-elf/bin/../lib/gcc/xtensa-lx106-elf/8.4.0/../../../../xtensa-lx106-elf/include/c++/8.4.0/backward]
    add: [/home/jch/Documents/Code/esp8266/xtensa-lx106-elf/bin/../lib/gcc/xtensa-lx106-elf/8.4.0/include]
    add: [/home/jch/Documents/Code/esp8266/xtensa-lx106-elf/bin/../lib/gcc/xtensa-lx106-elf/8.4.0/include-fixed]
    add: [/home/jch/Documents/Code/esp8266/xtensa-lx106-elf/bin/../lib/gcc/xtensa-lx106-elf/8.4.0/../../../../xtensa-lx106-elf/sys-include]
    add: [/home/jch/Documents/Code/esp8266/xtensa-lx106-elf/bin/../lib/gcc/xtensa-lx106-elf/8.4.0/../../../../xtensa-lx106-elf/include]
  end of search list found
  collapse include dir [/home/jch/Documents/Code/esp8266/xtensa-lx106-elf/bin/../lib/gcc/xtensa-lx106-elf/8.4.0/../../../../xtensa-lx106-elf/include/c++/8.4.0] ==> [/home/jch/Documents/Code/esp8266/xtensa-lx106-elf/xtensa-lx106-elf/include/c++/8.4.0]
  collapse include dir [/home/jch/Documents/Code/esp8266/xtensa-lx106-elf/bin/../lib/gcc/xtensa-lx106-elf/8.4.0/../../../../xtensa-lx106-elf/include/c++/8.4.0/xtensa-lx106-elf] ==> [/home/jch/Documents/Code/esp8266/xtensa-lx106-elf/xtensa-lx106-elf/include/c++/8.4.0/xtensa-lx106-elf]
  collapse include dir [/home/jch/Documents/Code/esp8266/xtensa-lx106-elf/bin/../lib/gcc/xtensa-lx106-elf/8.4.0/../../../../xtensa-lx106-elf/include/c++/8.4.0/backward] ==> [/home/jch/Documents/Code/esp8266/xtensa-lx106-elf/xtensa-lx106-elf/include/c++/8.4.0/backward]
  collapse include dir [/home/jch/Documents/Code/esp8266/xtensa-lx106-elf/bin/../lib/gcc/xtensa-lx106-elf/8.4.0/include] ==> [/home/jch/Documents/Code/esp8266/xtensa-lx106-elf/lib/gcc/xtensa-lx106-elf/8.4.0/include]
  collapse include dir [/home/jch/Documents/Code/esp8266/xtensa-lx106-elf/bin/../lib/gcc/xtensa-lx106-elf/8.4.0/include-fixed] ==> [/home/jch/Documents/Code/esp8266/xtensa-lx106-elf/lib/gcc/xtensa-lx106-elf/8.4.0/include-fixed]
  collapse include dir [/home/jch/Documents/Code/esp8266/xtensa-lx106-elf/bin/../lib/gcc/xtensa-lx106-elf/8.4.0/../../../../xtensa-lx106-elf/sys-include] ==> [/home/jch/Documents/Code/esp8266/xtensa-lx106-elf/xtensa-lx106-elf/sys-include]
  collapse include dir [/home/jch/Documents/Code/esp8266/xtensa-lx106-elf/bin/../lib/gcc/xtensa-lx106-elf/8.4.0/../../../../xtensa-lx106-elf/include] ==> [/home/jch/Documents/Code/esp8266/xtensa-lx106-elf/xtensa-lx106-elf/include]
  implicit include dirs: [/home/jch/Documents/Code/esp8266/xtensa-lx106-elf/xtensa-lx106-elf/include/c++/8.4.0;/home/jch/Documents/Code/esp8266/xtensa-lx106-elf/xtensa-lx106-elf/include/c++/8.4.0/xtensa-lx106-elf;/home/jch/Documents/Code/esp8266/xtensa-lx106-elf/xtensa-lx106-elf/include/c++/8.4.0/backward;/home/jch/Documents/Code/esp8266/xtensa-lx106-elf/lib/gcc/xtensa-lx106-elf/8.4.0/include;/home/jch/Documents/Code/esp8266/xtensa-lx106-elf/lib/gcc/xtensa-lx106-elf/8.4.0/include-fixed;/home/jch/Documents/Code/esp8266/xtensa-lx106-elf/xtensa-lx106-elf/sys-include;/home/jch/Documents/Code/esp8266/xtensa-lx106-elf/xtensa-lx106-elf/include]


Parsed CXX implicit link information from above output:
  link line regex: [^( *|.*[/\])(ld|CMAKE_LINK_STARTFILE-NOTFOUND|([^/\]+-)?ld|collect2)[^/\]*( |$)]
  ignore line: [Change Dir: /home/jch/Documents/Code/esp8266/ESP8266_RTOS_SDK/build/CMakeFiles/CMakeTmp]
  ignore line: []
  ignore line: [Run Build Command(s):/usr/bin/ninja cmTC_491b1 && [1/2] Building CXX object CMakeFiles/cmTC_491b1.dir/CMakeCXXCompilerABI.cpp.o]
  ignore line: [Using built-in specs.]
  ignore line: [COLLECT_GCC=/home/jch/Documents/Code/esp8266/xtensa-lx106-elf/bin/xtensa-lx106-elf-g++]
  ignore line: [Target: xtensa-lx106-elf]
  ignore line: [Configured with: /builds/idf/crosstool-NG/.build/xtensa-lx106-elf/src/gcc/configure --build=x86_64-build_pc-linux-gnu --host=x86_64-build_pc-linux-gnu --target=xtensa-lx106-elf --prefix=/builds/idf/crosstool-NG/builds/xtensa-lx106-elf --with-local-prefix=/builds/idf/crosstool-NG/builds/xtensa-lx106-elf/xtensa-lx106-elf --with-headers=/builds/idf/crosstool-NG/builds/xtensa-lx106-elf/xtensa-lx106-elf/include --with-newlib --enable-threads=no --disable-shared --with-pkgversion='crosstool-NG esp-2020r3-49-gd5524c1' --disable-__cxa_atexit --enable-cxx-flags=-ffunction-sections --disable-libgomp --disable-libmudflap --disable-libmpx --disable-libssp --disable-libquadmath --disable-libquadmath-support --with-gmp=/builds/idf/crosstool-NG/.build/xtensa-lx106-elf/buildtools --with-mpfr=/builds/idf/crosstool-NG/.build/xtensa-lx106-elf/buildtools --with-mpc=/builds/idf/crosstool-NG/.build/xtensa-lx106-elf/buildtools --with-isl=/builds/idf/crosstool-NG/.build/xtensa-lx106-elf/buildtools --enable-lto --enable-target-optspace --without-long-double-128 --disable-nls --enable-multiarch --enable-languages=c c++ --disable-libstdcxx-verbose --enable-threads=posix --enable-libstdcxx-time=yes]
  ignore line: [Thread model: posix]
  ignore line: [gcc version 8.4.0 (crosstool-NG esp-2020r3-49-gd5524c1) ]
  ignore line: [COLLECT_GCC_OPTIONS='-v' '-o' 'CMakeFiles/cmTC_491b1.dir/CMakeCXXCompilerABI.cpp.o' '-c']
  ignore line: [ /home/jch/Documents/Code/esp8266/xtensa-lx106-elf/bin/../libexec/gcc/xtensa-lx106-elf/8.4.0/cc1plus -quiet -v -iprefix /home/jch/Documents/Code/esp8266/xtensa-lx106-elf/bin/../lib/gcc/xtensa-lx106-elf/8.4.0/ /usr/share/cmake-3.16/Modules/CMakeCXXCompilerABI.cpp -quiet -dumpbase CMakeCXXCompilerABI.cpp -auxbase-strip CMakeFiles/cmTC_491b1.dir/CMakeCXXCompilerABI.cpp.o -version -o /tmp/ccEf3bha.s]
  ignore line: [GNU C++14 (crosstool-NG esp-2020r3-49-gd5524c1) version 8.4.0 (xtensa-lx106-elf)]
  ignore line: [	compiled by GNU C version 4.9.2  GMP version 6.1.2  MPFR version 4.0.1  MPC version 1.1.0  isl version isl-0.19-GMP]
  ignore line: []
  ignore line: [GGC heuristics: --param ggc-min-expand=100 --param ggc-min-heapsize=131072]
  ignore line: [ignoring duplicate directory "/home/jch/Documents/Code/esp8266/xtensa-lx106-elf/bin/../lib/gcc/../../lib/gcc/xtensa-lx106-elf/8.4.0/../../../../xtensa-lx106-elf/include/c++/8.4.0"]
  ignore line: [ignoring duplicate directory "/home/jch/Documents/Code/esp8266/xtensa-lx106-elf/bin/../lib/gcc/../../lib/gcc/xtensa-lx106-elf/8.4.0/../../../../xtensa-lx106-elf/include/c++/8.4.0/xtensa-lx106-elf"]
  ignore line: [ignoring duplicate directory "/home/jch/Documents/Code/esp8266/xtensa-lx106-elf/bin/../lib/gcc/../../lib/gcc/xtensa-lx106-elf/8.4.0/../../../../xtensa-lx106-elf/include/c++/8.4.0/backward"]
  ignore line: [ignoring duplicate directory "/home/jch/Documents/Code/esp8266/xtensa-lx106-elf/bin/../lib/gcc/../../lib/gcc/xtensa-lx106-elf/8.4.0/include"]
  ignore line: [ignoring duplicate directory "/home/jch/Documents/Code/esp8266/xtensa-lx106-elf/bin/../lib/gcc/../../lib/gcc/xtensa-lx106-elf/8.4.0/include-fixed"]
  ignore line: [ignoring duplicate directory "/home/jch/Documents/Code/esp8266/xtensa-lx106-elf/bin/../lib/gcc/../../lib/gcc/xtensa-lx106-elf/8.4.0/../../../../xtensa-lx106-elf/sys-include"]
  ignore line: [ignoring duplicate directory "/home/jch/Documents/Code/esp8266/xtensa-lx106-elf/bin/../lib/gcc/../../lib/gcc/xtensa-lx106-elf/8.4.0/../../../../xtensa-lx106-elf/include"]
  ignore line: [#include "..." search starts here:]
  ignore line: [#include <...> search starts here:]
  ignore line: [ /home/jch/Documents/Code/esp8266/xtensa-lx106-elf/bin/../lib/gcc/xtensa-lx106-elf/8.4.0/../../../../xtensa-lx106-elf/include/c++/8.4.0]
  ignore line: [ /home/jch/Documents/Code/esp8266/xtensa-lx106-elf/bin/../lib/gcc/xtensa-lx106-elf/8.4.0/../../../../xtensa-lx106-elf/include/c++/8.4.0/xtensa-lx106-elf]
  ignore line: [ /home/jch/Documents/Code/esp8266/xtensa-lx106-elf/bin/../lib/gcc/xtensa-lx106-elf/8.4.0/../../../../xtensa-lx106-elf/include/c++/8.4.0/backward]
  ignore line: [ /home/jch/Documents/Code/esp8266/xtensa-lx106-elf/bin/../lib/gcc/xtensa-lx106-elf/8.4.0/include]
  ignore line: [ /home/jch/Documents/Code/esp8266/xtensa-lx106-elf/bin/../lib/gcc/xtensa-lx106-elf/8.4.0/include-fixed]
  ignore line: [ /home/jch/Documents/Code/esp8266/xtensa-lx106-elf/bin/../lib/gcc/xtensa-lx106-elf/8.4.0/../../../../xtensa-lx106-elf/sys-include]
  ignore line: [ /home/jch/Documents/Code/esp8266/xtensa-lx106-elf/bin/../lib/gcc/xtensa-lx106-elf/8.4.0/../../../../xtensa-lx106-elf/include]
  ignore line: [End of search list.]
  ignore line: [GNU C++14 (crosstool-NG esp-2020r3-49-gd5524c1) version 8.4.0 (xtensa-lx106-elf)]
  ignore line: [	compiled by GNU C version 4.9.2  GMP version 6.1.2  MPFR version 4.0.1  MPC version 1.1.0  isl version isl-0.19-GMP]
  ignore line: []
  ignore line: [GGC heuristics: --param ggc-min-expand=100 --param ggc-min-heapsize=131072]
  ignore line: [Compiler executable checksum: 6a42b2f4729ac0ea49ccdcd6bf20e2e4]
  ignore line: [COLLECT_GCC_OPTIONS='-v' '-o' 'CMakeFiles/cmTC_491b1.dir/CMakeCXXCompilerABI.cpp.o' '-c']
  ignore line: [ /home/jch/Documents/Code/esp8266/xtensa-lx106-elf/bin/../lib/gcc/xtensa-lx106-elf/8.4.0/../../../../xtensa-lx106-elf/bin/as --traditional-format -o CMakeFiles/cmTC_491b1.dir/CMakeCXXCompilerABI.cpp.o /tmp/ccEf3bha.s]
  ignore line: [COMPILER_PATH=/home/jch/Documents/Code/esp8266/xtensa-lx106-elf/bin/../libexec/gcc/xtensa-lx106-elf/8.4.0/:/home/jch/Documents/Code/esp8266/xtensa-lx106-elf/bin/../libexec/gcc/:/home/jch/Documents/Code/esp8266/xtensa-lx106-elf/bin/../lib/gcc/xtensa-lx106-elf/8.4.0/../../../../xtensa-lx106-elf/bin/]
  ignore line: [LIBRARY_PATH=/home/jch/Documents/Code/esp8266/xtensa-lx106-elf/bin/../lib/gcc/xtensa-lx106-elf/8.4.0/:/home/jch/Documents/Code/esp8266/xtensa-lx106-elf/bin/../lib/gcc/:/home/jch/Documents/Code/esp8266/xtensa-lx106-elf/bin/../lib/gcc/xtensa-lx106-elf/8.4.0/../../../../xtensa-lx106-elf/lib/]
  ignore line: [COLLECT_GCC_OPTIONS='-v' '-o' 'CMakeFiles/cmTC_491b1.dir/CMakeCXXCompilerABI.cpp.o' '-c']
  ignore line: [[2/2] Linking CXX executable cmTC_491b1]
  ignore line: [Using built-in specs.]
  ignore line: [COLLECT_GCC=/home/jch/Documents/Code/esp8266/xtensa-lx106-elf/bin/xtensa-lx106-elf-g++]
  ignore line: [COLLECT_LTO_WRAPPER=/home/jch/Documents/Code/esp8266/xtensa-lx106-elf/bin/../libexec/gcc/xtensa-lx106-elf/8.4.0/lto-wrapper]
  ignore line: [Target: xtensa-lx106-elf]
  ignore line: [Configured with: /builds/idf/crosstool-NG/.build/xtensa-lx106-elf/src/gcc/configure --build=x86_64-build_pc-linux-gnu --host=x86_64-build_pc-linux-gnu --target=xtensa-lx106-elf --prefix=/builds/idf/crosstool-NG/builds/xtensa-lx106-elf --with-local-prefix=/builds/idf/crosstool-NG/builds/xtensa-lx106-elf/xtensa-lx106-elf --with-headers=/builds/idf/crosstool-NG/builds/xtensa-lx106-elf/xtensa-lx106-elf/include --with-newlib --enable-threads=no --disable-shared --with-pkgversion='crosstool-NG esp-2020r3-49-gd5524c1' --disable-__cxa_atexit --enable-cxx-flags=-ffunction-sections --disable-libgomp --disable-libmudflap --disable-libmpx --disable-libssp --disable-libquadmath --disable-libquadmath-support --with-gmp=/builds/idf/crosstool-NG/.build/xtensa-lx106-elf/buildtools --with-mpfr=/builds/idf/crosstool-NG/.build/xtensa-lx106-elf/buildtools --with-mpc=/builds/idf/crosstool-NG/.build/xtensa-lx106-elf/buildtools --with-isl=/builds/idf/crosstool-NG/.build/xtensa-lx106-elf/buildtools --enable-lto --enable-target-optspace --without-long-double-128 --disable-nls --enable-multiarch --enable-languages=c c++ --disable-libstdcxx-verbose --enable-threads=posix --enable-libstdcxx-time=yes]
  ignore line: [Thread model: posix]
  ignore line: [gcc version 8.4.0 (crosstool-NG esp-2020r3-49-gd5524c1) ]
  ignore line: [COMPILER_PATH=/home/jch/Documents/Code/esp8266/xtensa-lx106-elf/bin/../libexec/gcc/xtensa-lx106-elf/8.4.0/:/home/jch/Documents/Code/esp8266/xtensa-lx106-elf/bin/../libexec/gcc/:/home/jch/Documents/Code/esp8266/xtensa-lx106-elf/bin/../lib/gcc/xtensa-lx106-elf/8.4.0/../../../../xtensa-lx106-elf/bin/]
  ignore line: [LIBRARY_PATH=/home/jch/Documents/Code/esp8266/xtensa-lx106-elf/bin/../lib/gcc/xtensa-lx106-elf/8.4.0/:/home/jch/Documents/Code/esp8266/xtensa-lx106-elf/bin/../lib/gcc/:/home/jch/Documents/Code/esp8266/xtensa-lx106-elf/bin/../lib/gcc/xtensa-lx106-elf/8.4.0/../../../../xtensa-lx106-elf/lib/]
  ignore line: [COLLECT_GCC_OPTIONS='-v' '-o' 'cmTC_491b1']
  link line: [ /home/jch/Documents/Code/esp8266/xtensa-lx106-elf/bin/../libexec/gcc/xtensa-lx106-elf/8.4.0/collect2 -plugin /home/jch/Documents/Code/esp8266/xtensa-lx106-elf/bin/../libexec/gcc/xtensa-lx106-elf/8.4.0/liblto_plugin.so -plugin-opt=/home/jch/Documents/Code/esp8266/xtensa-lx106-elf/bin/../libexec/gcc/xtensa-lx106-elf/8.4.0/lto-wrapper -plugin-opt=-fresolution=/tmp/ccENZ5tv.res -plugin-opt=-pass-through=-lgcc -plugin-opt=-pass-through=-lc -plugin-opt=-pass-through=-lnosys -plugin-opt=-pass-through=-lc -plugin-opt=-pass-through=-lgcc -o cmTC_491b1 /home/jch/Documents/Code/esp8266/xtensa-lx106-elf/bin/../lib/gcc/xtensa-lx106-elf/8.4.0/../../../../xtensa-lx106-elf/lib/crt0.o /home/jch/Documents/Code/esp8266/xtensa-lx106-elf/bin/../lib/gcc/xtensa-lx106-elf/8.4.0/crti.o /home/jch/Documents/Code/esp8266/xtensa-lx106-elf/bin/../lib/gcc/xtensa-lx106-elf/8.4.0/crtbegin.o -L/home/jch/Documents/Code/esp8266/xtensa-lx106-elf/bin/../lib/gcc/xtensa-lx106-elf/8.4.0 -L/home/jch/Documents/Code/esp8266/xtensa-lx106-elf/bin/../lib/gcc -L/home/jch/Documents/Code/esp8266/xtensa-lx106-elf/bin/../lib/gcc/xtensa-lx106-elf/8.4.0/../../../../xtensa-lx106-elf/lib CMakeFiles/cmTC_491b1.dir/CMakeCXXCompilerABI.cpp.o -lstdc++ -lm -lgcc -lc -lnosys -lc -lgcc /home/jch/Documents/Code/esp8266/xtensa-lx106-elf/bin/../lib/gcc/xtensa-lx106-elf/8.4.0/crtend.o /home/jch/Documents/Code/esp8266/xtensa-lx106-elf/bin/../lib/gcc/xtensa-lx106-elf/8.4.0/crtn.o]
    arg [/home/jch/Documents/Code/esp8266/xtensa-lx106-elf/bin/../libexec/gcc/xtensa-lx106-elf/8.4.0/collect2] ==> ignore
    arg [-plugin] ==> ignore
    arg [/home/jch/Documents/Code/esp8266/xtensa-lx106-elf/bin/../libexec/gcc/xtensa-lx106-elf/8.4.0/liblto_plugin.so] ==> ignore
    arg [-plugin-opt=/home/jch/Documents/Code/esp8266/xtensa-lx106-elf/bin/../libexec/gcc/xtensa-lx106-elf/8.4.0/lto-wrapper] ==> ignore
    arg [-plugin-opt=-fresolution=/tmp/ccENZ5tv.res] ==> ignore
    arg [-plugin-opt=-pass-through=-lgcc] ==> ignore
    arg [-plugin-opt=-pass-through=-lc] ==> ignore
    arg [-plugin-opt=-pass-through=-lnosys] ==> ignore
    arg [-plugin-opt=-pass-through=-lc] ==> ignore
    arg [-plugin-opt=-pass-through=-lgcc] ==> ignore
    arg [-o] ==> ignore
    arg [cmTC_491b1] ==> ignore
    arg [/home/jch/Documents/Code/esp8266/xtensa-lx106-elf/bin/../lib/gcc/xtensa-lx106-elf/8.4.0/../../../../xtensa-lx106-elf/lib/crt0.o] ==> ignore
    arg [/home/jch/Documents/Code/esp8266/xtensa-lx106-elf/bin/../lib/gcc/xtensa-lx106-elf/8.4.0/crti.o] ==> ignore
    arg [/home/jch/Documents/Code/esp8266/xtensa-lx106-elf/bin/../lib/gcc/xtensa-lx106-elf/8.4.0/crtbegin.o] ==> ignore
    arg [-L/home/jch/Documents/Code/esp8266/xtensa-lx106-elf/bin/../lib/gcc/xtensa-lx106-elf/8.4.0] ==> dir [/home/jch/Documents/Code/esp8266/xtensa-lx106-elf/bin/../lib/gcc/xtensa-lx106-elf/8.4.0]
    arg [-L/home/jch/Documents/Code/esp8266/xtensa-lx106-elf/bin/../lib/gcc] ==> dir [/home/jch/Documents/Code/esp8266/xtensa-lx106-elf/bin/../lib/gcc]
    arg [-L/home/jch/Documents/Code/esp8266/xtensa-lx106-elf/bin/../lib/gcc/xtensa-lx106-elf/8.4.0/../../../../xtensa-lx106-elf/lib] ==> dir [/home/jch/Documents/Code/esp8266/xtensa-lx106-elf/bin/../lib/gcc/xtensa-lx106-elf/8.4.0/../../../../xtensa-lx106-elf/lib]
    arg [CMakeFiles/cmTC_491b1.dir/CMakeCXXCompilerABI.cpp.o] ==> ignore
    arg [-lstdc++] ==> lib [stdc++]
    arg [-lm] ==> lib [m]
    arg [-lgcc] ==> lib [gcc]
    arg [-lc] ==> lib [c]
    arg [-lnosys] ==> lib [nosys]
    arg [-lc] ==> lib [c]
    arg [-lgcc] ==> lib [gcc]
    arg [/home/jch/Documents/Code/esp8266/xtensa-lx106-elf/bin/../lib/gcc/xtensa-lx106-elf/8.4.0/crtend.o] ==> ignore
    arg [/home/jch/Documents/Code/esp8266/xtensa-lx106-elf/bin/../lib/gcc/xtensa-lx106-elf/8.4.0/crtn.o] ==> ignore
  collapse library dir [/home/jch/Documents/Code/esp8266/xtensa-lx106-elf/bin/../lib/gcc/xtensa-lx106-elf/8.4.0] ==> [/home/jch/Documents/Code/esp8266/xtensa-lx106-elf/lib/gcc/xtensa-lx106-elf/8.4.0]
  collapse library dir [/home/jch/Documents/Code/esp8266/xtensa-lx106-elf/bin/../lib/gcc] ==> [/home/jch/Documents/Code/esp8266/xtensa-lx106-elf/lib/gcc]
  collapse library dir [/home/jch/Documents/Code/esp8266/xtensa-lx106-elf/bin/../lib/gcc/xtensa-lx106-elf/8.4.0/../../../../xtensa-lx106-elf/lib] ==> [/home/jch/Documents/Code/esp8266/xtensa-lx106-elf/xtensa-lx106-elf/lib]
  implicit libs: [stdc++;m;gcc;c;nosys;c;gcc]
  implicit dirs: [/home/jch/Documents/Code/esp8266/xtensa-lx106-elf/lib/gcc/xtensa-lx106-elf/8.4.0;/home/jch/Documents/Code/esp8266/xtensa-lx106-elf/lib/gcc;/home/jch/Documents/Code/esp8266/xtensa-lx106-elf/xtensa-lx106-elf/lib]
  implicit fwks: []


